#
# There is insufficient memory for the Java Runtime Environment to continue.
# Native memory allocation (malloc) failed to allocate 136080 bytes for Chunk::new
# Possible reasons:
#   The system is out of physical RAM or swap space
#   In 32 bit mode, the process size limit was hit
# Possible solutions:
#   Reduce memory load on the system
#   Increase physical memory or swap space
#   Check if swap backing store is full
#   Use 64 bit Java on a 64 bit OS
#   Decrease Java heap size (-Xmx/-Xms)
#   Decrease number of Java threads
#   Decrease Java thread stack sizes (-Xss)
#   Set larger code cache with -XX:ReservedCodeCacheSize=
# This output file may be truncated or incomplete.
#
#  Out of Memory Error (allocation.cpp:323), pid=5244, tid=5968
#
# JRE version: Java(TM) SE Runtime Environment (7.0_75-b13) (build 1.7.0_75-b13)
# Java VM: Java HotSpot(TM) 64-Bit Server VM (24.75-b04 mixed mode windows-amd64 compressed oops)
# Failed to write core dump. Minidumps are not enabled by default on client versions of Windows
#

---------------  T H R E A D  ---------------

Current thread (0x0000000008cce800):  JavaThread "C2 CompilerThread0" daemon [_thread_in_native, id=5968, stack(0x000000000a220000,0x000000000a320000)]

Stack: [0x000000000a220000,0x000000000a320000]
[error occurred during error reporting (printing stack bounds), id 0xc0000005]


[error occurred during error reporting (printing native stack), id 0xc0000005]


Current CompileTask:
C2:   2815  205             java.util.TreeMap::put (247 bytes)


---------------  P R O C E S S  ---------------

Java Threads: ( => current thread )
  0x0000000008cdb800 JavaThread "Service Thread" daemon [_thread_blocked, id=7012, stack(0x000000000a420000,0x000000000a520000)]
  0x0000000008cd8800 JavaThread "C2 CompilerThread1" daemon [_thread_in_native, id=6720, stack(0x000000000a320000,0x000000000a420000)]
=>0x0000000008cce800 JavaThread "C2 CompilerThread0" daemon [_thread_in_native, id=5968, stack(0x000000000a220000,0x000000000a320000)]
  0x0000000008ccd800 JavaThread "Attach Listener" daemon [_thread_blocked, id=7356, stack(0x000000000a120000,0x000000000a220000)]
  0x0000000008cca800 JavaThread "Signal Dispatcher" daemon [_thread_blocked, id=2104, stack(0x000000000a020000,0x000000000a120000)]
  0x0000000008c7e800 JavaThread "Finalizer" daemon [_thread_blocked, id=6512, stack(0x0000000009f20000,0x000000000a020000)]
  0x0000000008c75800 JavaThread "Reference Handler" daemon [_thread_blocked, id=6892, stack(0x0000000009e20000,0x0000000009f20000)]
  0x00000000011dd800 JavaThread "main" [_thread_in_Java, id=6400, stack(0x0000000002910000,0x0000000002a10000)]

Other Threads:
  0x0000000008c71800 VMThread [stack: 0x0000000009d20000,0x0000000009e20000] [id=7456]
  0x0000000008ced000 WatcherThread [stack: 0x000000000a520000,0x000000000a620000] [id=6944]

VM state:not at safepoint (normal execution)

VM Mutex/Monitor currently owned by a thread: None

Heap
 PSYoungGen      total 37888K, used 25627K [0x00000000eaa80000, 0x00000000ed480000, 0x0000000100000000)
  eden space 32768K, 78% used [0x00000000eaa80000,0x00000000ec386f58,0x00000000eca80000)
  from space 5120K, 0% used [0x00000000ecf80000,0x00000000ecf80000,0x00000000ed480000)
  to   space 5120K, 0% used [0x00000000eca80000,0x00000000eca80000,0x00000000ecf80000)
 ParOldGen       total 86016K, used 0K [0x00000000c0000000, 0x00000000c5400000, 0x00000000eaa80000)
  object space 86016K, 0% used [0x00000000c0000000,0x00000000c0000000,0x00000000c5400000)
 PSPermGen       total 21504K, used 5666K [0x00000000bae00000, 0x00000000bc300000, 0x00000000c0000000)
  object space 21504K, 26% used [0x00000000bae00000,0x00000000bb388b08,0x00000000bc300000)

Card table byte_map: [0x0000000005ee0000,0x0000000006110000] byte_map_base: 0x0000000005909000

Polling page: 0x0000000000fe0000

Code Cache  [0x0000000002e20000, 0x0000000003090000, 0x0000000005e20000)
 total_blobs=463 nmethods=227 adapters=188 free_code_cache=48278Kb largest_free_block=49416896

Compilation events (10 events):
Event: 2.695 Thread 0x0000000008cd8800  201             com.android.dx.ssa.LocalVariableExtractor::processBlock (383 bytes)
Event: 2.706 Thread 0x0000000008cce800 nmethod 200 0x0000000002eeda50 code [0x0000000002eedc80, 0x0000000002eee4c0]
Event: 2.712 Thread 0x0000000008cce800  202             com.android.dx.util.Bits::makeBitSet (11 bytes)
Event: 2.713 Thread 0x0000000008cce800 nmethod 202 0x0000000002ecfc90 code [0x0000000002ecfde0, 0x0000000002ecfeb8]
Event: 2.721 Thread 0x0000000008cce800  203             com.android.dx.rop.code.Rop::isCallLike (5 bytes)
Event: 2.721 Thread 0x0000000008cce800 nmethod 203 0x0000000002ecef50 code [0x0000000002ecf080, 0x0000000002ecf0d8]
Event: 2.721 Thread 0x0000000008cce800  204             java.util.ArrayList$SubList::checkForComodification (23 bytes)
Event: 2.722 Thread 0x0000000008cce800 nmethod 204 0x0000000002ecfa50 code [0x0000000002ecfb80, 0x0000000002ecfbf8]
Event: 2.725 Thread 0x0000000008cce800  205             java.util.TreeMap::put (247 bytes)
Event: 2.726 Thread 0x0000000008cd8800 nmethod 201 0x0000000002ef5e90 code [0x0000000002ef6160, 0x0000000002ef76c8]

GC Heap History (0 events):
No events

Deoptimization events (7 events):
Event: 1.191 Thread 0x00000000011dd800 Uncommon trap: reason=unreached action=reinterpret pc=0x0000000002ea20b4 method=com.android.dx.rop.code.RegisterSpecSet.mutableCopy()Lcom/android/dx/rop/code/RegisterSpecSet; @ 32
Event: 1.246 Thread 0x00000000011dd800 Uncommon trap: reason=unreached action=reinterpret pc=0x0000000002ea3624 method=com.android.dx.rop.code.RopMethod.calcPredecessors()V @ 115
Event: 1.246 Thread 0x00000000011dd800 Uncommon trap: reason=null_check action=make_not_entrant pc=0x0000000002e9a814 method=com.android.dx.rop.code.LocalItem.equals(Ljava/lang/Object;)Z @ 1
Event: 1.247 Thread 0x00000000011dd800 Uncommon trap: reason=class_check action=maybe_recompile pc=0x0000000002e9ef54 method=com.android.dx.ssa.SsaMethod.deleteInsns(Ljava/util/Set;)V @ 54
Event: 1.247 Thread 0x00000000011dd800 Uncommon trap: reason=class_check action=maybe_recompile pc=0x0000000002e9ef54 method=com.android.dx.ssa.SsaMethod.deleteInsns(Ljava/util/Set;)V @ 54
Event: 1.248 Thread 0x00000000011dd800 Uncommon trap: reason=unreached action=reinterpret pc=0x0000000002e9ebbc method=java.util.HashMap.containsKey(Ljava/lang/Object;)Z @ 5
Event: 2.419 Thread 0x00000000011dd800 Uncommon trap: reason=null_check action=make_not_entrant pc=0x0000000002eda9c0 method=com.android.dx.rop.code.RegisterSpec.equals(Ljava/lang/Object;)Z @ 1

Internal exceptions (10 events):
Event: 0.794 Thread 0x00000000011dd800 Threw 0x00000000eb29dd18 at C:\re\jdk7u75\1940\hotspot\src\share\vm\prims\jvm.cpp:1281
Event: 0.795 Thread 0x00000000011dd800 Threw 0x00000000eb2a6bf8 at C:\re\jdk7u75\1940\hotspot\src\share\vm\prims\jvm.cpp:1281
Event: 0.795 Thread 0x00000000011dd800 Threw 0x00000000eb2aae48 at C:\re\jdk7u75\1940\hotspot\src\share\vm\prims\jvm.cpp:1281
Event: 0.802 Thread 0x00000000011dd800 Threw 0x00000000eb2cebf8 at C:\re\jdk7u75\1940\hotspot\src\share\vm\prims\jvm.cpp:1281
Event: 0.803 Thread 0x00000000011dd800 Threw 0x00000000eb2d4818 at C:\re\jdk7u75\1940\hotspot\src\share\vm\prims\jvm.cpp:1281
Event: 0.805 Thread 0x00000000011dd800 Threw 0x00000000eb2e02d8 at C:\re\jdk7u75\1940\hotspot\src\share\vm\prims\jvm.cpp:1281
Event: 0.807 Thread 0x00000000011dd800 Threw 0x00000000eb2e7948 at C:\re\jdk7u75\1940\hotspot\src\share\vm\prims\jvm.cpp:1281
Event: 1.306 Thread 0x00000000011dd800 Threw 0x00000000eb66c7b0 at C:\re\jdk7u75\1940\hotspot\src\share\vm\prims\jvm.cpp:1281
Event: 2.419 Thread 0x00000000011dd800 Implicit null exception at 0x0000000002ed9c61 to 0x0000000002eda989
Event: 2.732 Thread 0x00000000011dd800 Threw 0x00000000ec218b60 at C:\re\jdk7u75\1940\hotspot\src\share\vm\prims\jvm.cpp:1281

Events (10 events):
Event: 2.723 loading class 0x000000000a6d6100 done
Event: 2.723 loading class 0x0000000002da4a70 done
Event: 2.723 loading class 0x0000000002da4a40
Event: 2.723 loading class 0x0000000002da4a40 done
Event: 2.723 Executing VM operation: Deoptimize
Event: 2.723 Executing VM operation: Deoptimize done
Event: 2.732 loading class 0x0000000002d9e030
Event: 2.732 loading class 0x0000000002d9e030 done
Event: 2.732 loading class 0x000000000a715d40
Event: 2.732 loading class 0x000000000a715d40 done


Dynamic libraries:
0x00007ff681580000 - 0x00007ff6815b3000 	C:\Program Files\Java\jdk1.7.0_75\bin\java.exe
0x00007ffa827f0000 - 0x00007ffa82999000 	C:\Windows\SYSTEM32\ntdll.dll
0x00007ffa80260000 - 0x00007ffa80399000 	C:\Windows\system32\KERNEL32.DLL
0x00007ffa7fcf0000 - 0x00007ffa7fdfe000 	C:\Windows\system32\KERNELBASE.dll
0x00007ffa80860000 - 0x00007ffa80905000 	C:\Windows\system32\ADVAPI32.dll
0x00007ffa80590000 - 0x00007ffa80701000 	C:\Windows\system32\USER32.dll
0x00007ffa7c610000 - 0x00007ffa7c86a000 	C:\Windows\WinSxS\amd64_microsoft.windows.common-controls_6595b64144ccf1df_6.0.9600.16384_none_62475f7becb72503\COMCTL32.dll
0x00007ffa82740000 - 0x00007ffa827e7000 	C:\Windows\system32\msvcrt.dll
0x00007ffa80c80000 - 0x00007ffa80cd7000 	C:\Windows\SYSTEM32\sechost.dll
0x00007ffa82530000 - 0x00007ffa82666000 	C:\Windows\system32\RPCRT4.dll
0x00007ffa80710000 - 0x00007ffa80855000 	C:\Windows\system32\GDI32.dll
0x00007ffa809f0000 - 0x00007ffa80a24000 	C:\Windows\system32\IMM32.DLL
0x00007ffa80a30000 - 0x00007ffa80b69000 	C:\Windows\system32\MSCTF.dll
0x000000006d010000 - 0x000000006d0e2000 	C:\Program Files\Java\jdk1.7.0_75\jre\bin\msvcr100.dll
0x000000006c830000 - 0x000000006d004000 	C:\Program Files\Java\jdk1.7.0_75\jre\bin\server\jvm.dll
0x00007ffa7b5e0000 - 0x00007ffa7b5e9000 	C:\Windows\SYSTEM32\WSOCK32.dll
0x00007ffa7acd0000 - 0x00007ffa7acef000 	C:\Windows\SYSTEM32\WINMM.dll
0x00007ffa80930000 - 0x00007ffa80937000 	C:\Windows\system32\PSAPI.DLL
0x00007ffa82670000 - 0x00007ffa826c8000 	C:\Windows\system32\WS2_32.dll
0x00007ffa7aca0000 - 0x00007ffa7acca000 	C:\Windows\SYSTEM32\WINMMBASE.dll
0x00007ffa80c10000 - 0x00007ffa80c19000 	C:\Windows\system32\NSI.dll
0x00007ffa80030000 - 0x00007ffa8007a000 	C:\Windows\SYSTEM32\cfgmgr32.dll
0x00007ffa7e9f0000 - 0x00007ffa7ea16000 	C:\Windows\SYSTEM32\DEVOBJ.dll
0x000000006c820000 - 0x000000006c82f000 	C:\Program Files\Java\jdk1.7.0_75\jre\bin\verify.dll
0x000000006c7f0000 - 0x000000006c818000 	C:\Program Files\Java\jdk1.7.0_75\jre\bin\java.dll
0x000000006c770000 - 0x000000006c785000 	C:\Program Files\Java\jdk1.7.0_75\jre\bin\zip.dll
0x000000006c5a0000 - 0x000000006c5b9000 	C:\Program Files\Java\jdk1.7.0_75\jre\bin\net.dll
0x00007ffa7f3f0000 - 0x00007ffa7f448000 	C:\Windows\system32\mswsock.dll
0x000000006c580000 - 0x000000006c591000 	C:\Program Files\Java\jdk1.7.0_75\jre\bin\nio.dll

VM Arguments:
jvm_args: -Xmx1024M -Dfile.encoding=GBK -Duser.country=CN -Duser.language=zh -Duser.variant 
java_command: com.android.dx.command.Main --dex --output D:\ASprogects\mygit\AndroidImageSlider\demo\build\intermediates\pre-dexed\debug\classes-4c37e6c8ef62917e1b633cab6a0d0d107913fe4b.jar D:\ASprogects\mygit\AndroidImageSlider\demo\build\intermediates\exploded-aar\com.daimajia.androidanimations\library\1.0.3\classes.jar
Launcher Type: SUN_STANDARD

Environment Variables:
JAVA_HOME=C:\Program Files\Java\jdk1.8.0_31
PATH=C:\ProgramData\Oracle\Java\javapath;C:\Windows\system32;C:\Windows;C:\Windows\System32\Wbem;C:\Windows\System32\WindowsPowerShell\v1.0\;C:\Program Files\Java\jdk1.8.0_31bin;D:\development\Android\sdk\platform-tools;C:\Program Files\TortoiseGit\bin;C:\Program Files (x86)\Git\bin
USERNAME=Administrator
OS=Windows_NT
PROCESSOR_IDENTIFIER=Intel64 Family 6 Model 58 Stepping 9, GenuineIntel



---------------  S Y S T E M  ---------------

OS: Windows 8.1 , 64 bit Build 9600 

CPU:total 4 (4 cores per cpu, 1 threads per core) family 6 model 58 stepping 9, cmov, cx8, fxsr, mmx, sse, sse2, sse3, ssse3, sse4.1, sse4.2, popcnt, avx, aes, erms, tsc, tscinvbit, tscinv

Memory: 4k page, physical 8259596k(1761272k free), swap 8259596k(7476k free)

vm_info: Java HotSpot(TM) 64-Bit Server VM (24.75-b04) for windows-amd64 JRE (1.7.0_75-b13), built on Dec 18 2014 17:15:01 by "java_re" with unknown MS VC++:1600

time: Tue May 31 10:21:58 2016
elapsed time: 2 seconds

